<?xml version="1.0" encoding="UTF-8"?>
<!-- Generated by org.testng.reporters.JUnitXMLReporter -->
<testsuite ignored="0" hostname="AnkitSwat" failures="0" tests="4" name="Default test" time="10.099" errors="0" timestamp="2023-04-21T22:34:18 IST">
  <testcase classname="api.test.UserTest" name="testPostUser" time="2.767"/>
  <testcase classname="api.test.UserTest" name="testGetUserByName" time="1.621"/>
  <testcase classname="api.test.UserTest" name="testUpdateUserByName" time="3.966"/>
  <testcase classname="api.test.UserTest" name="testDeleteUserByName" time="1.57"/>
</testsuite> <!-- Default test -->
