<?xml version="1.0" encoding="UTF-8"?>
<testng-results ignored="0" total="4" passed="4" failed="0" skipped="0">
  <reporter-output>
  </reporter-output>
  <suite started-at="2023-04-26T00:12:14 IST" name="PetSuite" finished-at="2023-04-26T00:12:26 IST" duration-ms="12107">
    <groups>
    </groups>
    <test started-at="2023-04-26T00:12:14 IST" name="PetTest" finished-at="2023-04-26T00:12:26 IST" duration-ms="12107">
      <class name="api.test.UserTest">
        <test-method is-config="true" signature="setup()[pri:0, instance:api.test.UserTest@131774fe]" started-at="2023-04-26T00:12:15 IST" name="setup" finished-at="2023-04-26T00:12:15 IST" duration-ms="791" status="PASS">
          <reporter-output>
          </reporter-output>
        </test-method> <!-- setup -->
        <test-method signature="testPostUser()[pri:1, instance:api.test.UserTest@131774fe]" started-at="2023-04-26T00:12:15 IST" name="testPostUser" finished-at="2023-04-26T00:12:19 IST" duration-ms="3744" status="PASS">
          <reporter-output>
          </reporter-output>
        </test-method> <!-- testPostUser -->
        <test-method signature="testGetUserByName()[pri:2, instance:api.test.UserTest@131774fe]" started-at="2023-04-26T00:12:19 IST" name="testGetUserByName" finished-at="2023-04-26T00:12:21 IST" duration-ms="1746" status="PASS">
          <reporter-output>
          </reporter-output>
        </test-method> <!-- testGetUserByName -->
        <test-method signature="testUpdateUserByName()[pri:3, instance:api.test.UserTest@131774fe]" started-at="2023-04-26T00:12:21 IST" name="testUpdateUserByName" finished-at="2023-04-26T00:12:25 IST" duration-ms="3644" status="PASS">
          <reporter-output>
          </reporter-output>
        </test-method> <!-- testUpdateUserByName -->
        <test-method signature="testDeleteUserByName()[pri:4, instance:api.test.UserTest@131774fe]" started-at="2023-04-26T00:12:25 IST" name="testDeleteUserByName" finished-at="2023-04-26T00:12:26 IST" duration-ms="1840" status="PASS">
          <reporter-output>
          </reporter-output>
        </test-method> <!-- testDeleteUserByName -->
      </class> <!-- api.test.UserTest -->
    </test> <!-- PetTest -->
  </suite> <!-- PetSuite -->
</testng-results>
