<?xml version="1.0" encoding="UTF-8"?>
<testng-results ignored="0" total="4" passed="4" failed="0" skipped="0">
  <reporter-output>
  </reporter-output>
  <suite started-at="2023-04-27T21:32:16 IST" name="PetSuite" finished-at="2023-04-27T21:32:24 IST" duration-ms="8867">
    <groups>
    </groups>
    <test started-at="2023-04-27T21:32:16 IST" name="PetTest" finished-at="2023-04-27T21:32:24 IST" duration-ms="8867">
      <class name="api.test.UserTest2">
        <test-method is-config="true" signature="setup()[pri:0, instance:api.test.UserTest2@131774fe]" started-at="2023-04-27T21:32:16 IST" name="setup" finished-at="2023-04-27T21:32:16 IST" duration-ms="512" status="PASS">
          <reporter-output>
          </reporter-output>
        </test-method> <!-- setup -->
        <test-method signature="testPostUser()[pri:1, instance:api.test.UserTest2@131774fe]" started-at="2023-04-27T21:32:16 IST" name="testPostUser" finished-at="2023-04-27T21:32:19 IST" duration-ms="2702" status="PASS">
          <reporter-output>
          </reporter-output>
        </test-method> <!-- testPostUser -->
        <test-method signature="testGetUserByName()[pri:2, instance:api.test.UserTest2@131774fe]" started-at="2023-04-27T21:32:19 IST" name="testGetUserByName" finished-at="2023-04-27T21:32:20 IST" duration-ms="1378" status="PASS">
          <reporter-output>
          </reporter-output>
        </test-method> <!-- testGetUserByName -->
        <test-method signature="testUpdateUserByName()[pri:3, instance:api.test.UserTest2@131774fe]" started-at="2023-04-27T21:32:20 IST" name="testUpdateUserByName" finished-at="2023-04-27T21:32:23 IST" duration-ms="2684" status="PASS">
          <reporter-output>
          </reporter-output>
        </test-method> <!-- testUpdateUserByName -->
        <test-method signature="testDeleteUserByName()[pri:4, instance:api.test.UserTest2@131774fe]" started-at="2023-04-27T21:32:23 IST" name="testDeleteUserByName" finished-at="2023-04-27T21:32:24 IST" duration-ms="1360" status="PASS">
          <reporter-output>
          </reporter-output>
        </test-method> <!-- testDeleteUserByName -->
      </class> <!-- api.test.UserTest2 -->
    </test> <!-- PetTest -->
  </suite> <!-- PetSuite -->
</testng-results>
