<?xml version="1.0" encoding="UTF-8"?>
<!-- Generated by org.testng.reporters.JUnitXMLReporter -->
<testsuite ignored="0" hostname="AnkitSwat" failures="0" tests="4" name="PetTest" time="12.107" errors="0" timestamp="2023-04-26T00:12:27 IST">
  <testcase classname="api.test.UserTest" name="testPostUser" time="3.744"/>
  <testcase classname="api.test.UserTest" name="testGetUserByName" time="1.746"/>
  <testcase classname="api.test.UserTest" name="testUpdateUserByName" time="3.644"/>
  <testcase classname="api.test.UserTest" name="testDeleteUserByName" time="1.84"/>
</testsuite> <!-- PetTest -->
