<?xml version="1.0" encoding="UTF-8"?>
<!-- Generated by org.testng.reporters.JUnitXMLReporter -->
<testsuite ignored="0" hostname="AnkitSwat" failures="0" tests="4" name="PetTest" time="8.867" errors="0" timestamp="2023-04-27T21:32:25 IST">
  <testcase classname="api.test.UserTest2" name="testPostUser" time="2.702"/>
  <testcase classname="api.test.UserTest2" name="testGetUserByName" time="1.378"/>
  <testcase classname="api.test.UserTest2" name="testUpdateUserByName" time="2.684"/>
  <testcase classname="api.test.UserTest2" name="testDeleteUserByName" time="1.36"/>
</testsuite> <!-- PetTest -->
